<?xml version="1.0" encoding="UTF-8"?>
<testsuite xmlns:xsi="http://www.w3.org/2001/XMLSchema-instance" xsi:noNamespaceSchemaLocation="https://maven.apache.org/surefire/maven-surefire-plugin/xsd/surefire-test-report-3.0.xsd" version="3.0" name="TestSuite" time="8.596" tests="2" errors="0" skipped="0" failures="2">
  <properties>
[...]
</properties>
  <testcase name="feature[Login into Application](1)" classname="cucmberOptions.TestRunner" time="4.873">
    <failure message="org.openqa.selenium.SessionNotCreatedException: session not created: This version of ChromeDriver only supports Chrome version 90&#10;Current browser version is 92.0.4515.131 with binary path C:\Program Files (x86)\Google\Chrome\Application\chrome.exe&#10;Build info: version: &apos;3.141.59&apos;, revision: &apos;e82be7d358&apos;, time: &apos;2018-11-14T08:17:03&apos;&#10;System info: host: &apos;DESKTOP-ONBI019&apos;, ip: &apos;192.168.224.1&apos;, os.name: &apos;Windows 10&apos;, os.arch: &apos;amd64&apos;, os.version: &apos;10.0&apos;, java.version: &apos;1.8.0_241&apos;&#10;Driver info: driver.version: ChromeDriver&#10;remote stacktrace: Backtrace:&#10;	Ordinal0 [0x003DC013+2474003]&#10;	Ordinal0 [0x003729C1+2042305]&#10;	Ordinal0 [0x00282F68+1060712]&#10;	Ordinal0 [0x002A188E+1185934]&#10;	Ordinal0 [0x0029D600+1168896]&#10;	Ordinal0 [0x0029AA83+1157763]&#10;	Ordinal0 [0x002CA2A2+1352354]&#10;	Ordinal0 [0x002C8FAA+1347498]&#10;	Ordinal0 [0x002C66DB+1337051]&#10;	Ordinal0 [0x002A3427+1192999]&#10;	Ordinal0 [0x002A42EE+1196782]&#10;	Ordinal0 [0x002A4279+1196665]&#10;	GetHandleVerifier [0x005696FC+1590332]&#10;	GetHandleVerifier [0x00618614+2306900]&#10;	GetHandleVerifier [0x00469E93+543699]&#10;	GetHandleVerifier [0x004692CE+540686]&#10;	Ordinal0 [0x003786BA+2066106]&#10;	Ordinal0 [0x0037D1C8+2085320]&#10;	Ordinal0 [0x0037D308+2085640]&#10;	Ordinal0 [0x003867F3+2123763]&#10;	BaseThreadInitThunk [0x7630FA29+25]&#10;	RtlGetAppContainerNamedObjectPath [0x77DB7A7E+286]&#10;	RtlGetAppContainerNamedObjectPath [0x77DB7A4E+238]&#10;" type="cucumber.runtime.CucumberException"><![CDATA[cucumber.runtime.CucumberException: 
org.openqa.selenium.SessionNotCreatedException: session not created: This version of ChromeDriver only supports Chrome version 90
Current browser version is 92.0.4515.131 with binary path C:\Program Files (x86)\Google\Chrome\Application\chrome.exe
Build info: version: '3.141.59', revision: 'e82be7d358', time: '2018-11-14T08:17:03'
System info: host: 'DESKTOP-ONBI019', ip: '192.168.224.1', os.name: 'Windows 10', os.arch: 'amd64', os.version: '10.0', java.version: '1.8.0_241'
Driver info: driver.version: ChromeDriver
remote stacktrace: Backtrace:
	Ordinal0 [0x003DC013+2474003]
	Ordinal0 [0x003729C1+2042305]
	Ordinal0 [0x00282F68+1060712]
	Ordinal0 [0x002A188E+1185934]
	Ordinal0 [0x0029D600+1168896]
	Ordinal0 [0x0029AA83+1157763]
	Ordinal0 [0x002CA2A2+1352354]
	Ordinal0 [0x002C8FAA+1347498]
	Ordinal0 [0x002C66DB+1337051]
	Ordinal0 [0x002A3427+1192999]
	Ordinal0 [0x002A42EE+1196782]
	Ordinal0 [0x002A4279+1196665]
	GetHandleVerifier [0x005696FC+1590332]
	GetHandleVerifier [0x00618614+2306900]
	GetHandleVerifier [0x00469E93+543699]
	GetHandleVerifier [0x004692CE+540686]
	Ordinal0 [0x003786BA+2066106]
	Ordinal0 [0x0037D1C8+2085320]
	Ordinal0 [0x0037D308+2085640]
	Ordinal0 [0x003867F3+2123763]
	BaseThreadInitThunk [0x7630FA29+25]
	RtlGetAppContainerNamedObjectPath [0x77DB7A7E+286]
	RtlGetAppContainerNamedObjectPath [0x77DB7A4E+238]

Caused by: org.openqa.selenium.SessionNotCreatedException: 
session not created: This version of ChromeDriver only supports Chrome version 90
Current browser version is 92.0.4515.131 with binary path C:\Program Files (x86)\Google\Chrome\Application\chrome.exe
Build info: version: '3.141.59', revision: 'e82be7d358', time: '2018-11-14T08:17:03'
System info: host: 'DESKTOP-ONBI019', ip: '192.168.224.1', os.name: 'Windows 10', os.arch: 'amd64', os.version: '10.0', java.version: '1.8.0_241'
Driver info: driver.version: ChromeDriver
remote stacktrace: Backtrace:
	Ordinal0 [0x003DC013+2474003]
	Ordinal0 [0x003729C1+2042305]
	Ordinal0 [0x00282F68+1060712]
	Ordinal0 [0x002A188E+1185934]
	Ordinal0 [0x0029D600+1168896]
	Ordinal0 [0x0029AA83+1157763]
	Ordinal0 [0x002CA2A2+1352354]
	Ordinal0 [0x002C8FAA+1347498]
	Ordinal0 [0x002C66DB+1337051]
	Ordinal0 [0x002A3427+1192999]
	Ordinal0 [0x002A42EE+1196782]
	Ordinal0 [0x002A4279+1196665]
	GetHandleVerifier [0x005696FC+1590332]
	GetHandleVerifier [0x00618614+2306900]
	GetHandleVerifier [0x00469E93+543699]
	GetHandleVerifier [0x004692CE+540686]
	Ordinal0 [0x003786BA+2066106]
	Ordinal0 [0x0037D1C8+2085320]
	Ordinal0 [0x0037D308+2085640]
	Ordinal0 [0x003867F3+2123763]
	BaseThreadInitThunk [0x7630FA29+25]
	RtlGetAppContainerNamedObjectPath [0x77DB7A7E+286]
	RtlGetAppContainerNamedObjectPath [0x77DB7A4E+238]

]]></failure>
    <system-out><![CDATA[chrome
chrome
]]></system-out>
    <system-err><![CDATA[Starting ChromeDriver 90.0.4430.24 (4c6d850f087da467d926e8eddb76550aed655991-refs/branch-heads/4430@{#429}) on port 21981
Only local connections are allowed.
Please see https://chromedriver.chromium.org/security-considerations for suggestions on keeping ChromeDriver safe.
ChromeDriver was started successfully.
Starting ChromeDriver 90.0.4430.24 (4c6d850f087da467d926e8eddb76550aed655991-refs/branch-heads/4430@{#429}) on port 40162
Only local connections are allowed.
Please see https://chromedriver.chromium.org/security-considerations for suggestions on keeping ChromeDriver safe.
ChromeDriver was started successfully.
]]></system-err>
  </testcase>
  <testcase name="feature" classname="cucmberOptions.TestRunner" time="4.91">
    <failure type="java.lang.NullPointerException"><![CDATA[java.lang.NullPointerException
]]></failure>
    <system-err><![CDATA[java.lang.NoSuchFieldException: driver
	at java.lang.Class.getDeclaredField(Unknown Source)
	at Acadmy.E2EProjects.Listeners.onTestFailure(Listeners.java:45)
	at org.testng.internal.TestListenerHelper.runTestListeners(TestListenerHelper.java:96)
	at org.testng.internal.TestInvoker.runTestResultListener(TestInvoker.java:220)
	at org.testng.internal.TestInvoker.invokeMethod(TestInvoker.java:657)
	at org.testng.internal.TestInvoker.invokeTestMethod(TestInvoker.java:174)
	at org.testng.internal.MethodRunner.runInSequence(MethodRunner.java:46)
	at org.testng.internal.TestInvoker$MethodInvocationAgent.invoke(TestInvoker.java:822)
	at org.testng.internal.TestInvoker.invokeTestMethods(TestInvoker.java:147)
	at org.testng.internal.TestMethodWorker.invokeTestMethods(TestMethodWorker.java:146)
	at org.testng.internal.TestMethodWorker.run(TestMethodWorker.java:128)
	at java.util.ArrayList.forEach(Unknown Source)
	at org.testng.TestRunner.privateRun(TestRunner.java:764)
	at org.testng.TestRunner.run(TestRunner.java:585)
	at org.testng.SuiteRunner.runTest(SuiteRunner.java:384)
	at org.testng.SuiteRunner.access$000(SuiteRunner.java:28)
	at org.testng.SuiteRunner$SuiteWorker.run(SuiteRunner.java:425)
	at org.testng.internal.thread.ThreadUtil.lambda$execute$0(ThreadUtil.java:66)
	at java.util.concurrent.FutureTask.run(Unknown Source)
	at java.util.concurrent.ThreadPoolExecutor.runWorker(Unknown Source)
	at java.util.concurrent.ThreadPoolExecutor$Worker.run(Unknown Source)
	at java.lang.Thread.run(Unknown Source)
]]></system-err>
  </testcase>
</testsuite>