<?xml version="1.0" encoding="UTF-8"?>
<testng-results skipped="0" failed="0" ignored="0" total="1" passed="1">
  <reporter-output>
  </reporter-output>
  <suite name="Default suite" duration-ms="34442" started-at="2021-11-09T18:52:19 PKT" finished-at="2021-11-09T18:52:53 PKT">
    <groups>
      <group name="cucumber">
        <method signature="AbstractTestNGCucumberTests.feature(cucumber.api.testng.CucumberFeatureWrapper)[pri:0, instance:cucmberOptions.TestRunner@631330c]" name="feature" class="cucumber.api.testng.AbstractTestNGCucumberTests"/>
      </group> <!-- cucumber -->
    </groups>
    <test name="Default test" duration-ms="34442" started-at="2021-11-09T18:52:19 PKT" finished-at="2021-11-09T18:52:53 PKT">
      <class name="cucmberOptions.TestRunner">
        <test-method status="PASS" signature="setUpClass()[pri:0, instance:cucmberOptions.TestRunner@631330c]" name="setUpClass" is-config="true" duration-ms="424" started-at="2021-11-09T18:52:19 PKT" finished-at="2021-11-09T18:52:19 PKT">
          <reporter-output>
          </reporter-output>
        </test-method> <!-- setUpClass -->
        <test-method status="PASS" signature="feature(cucumber.api.testng.CucumberFeatureWrapper)[pri:0, instance:cucmberOptions.TestRunner@631330c]" name="feature" duration-ms="33810" started-at="2021-11-09T18:52:19 PKT" description="Runs Cucumber Feature" data-provider="features" finished-at="2021-11-09T18:52:53 PKT">
          <params>
            <param index="0">
              <value>
                <![CDATA[Navigate to OlX Mall]]>
              </value>
            </param>
          </params>
          <reporter-output>
          </reporter-output>
        </test-method> <!-- feature -->
        <test-method status="PASS" signature="tearDownClass()[pri:0, instance:cucmberOptions.TestRunner@631330c]" name="tearDownClass" is-config="true" duration-ms="10" started-at="2021-11-09T18:52:53 PKT" finished-at="2021-11-09T18:52:53 PKT">
          <reporter-output>
          </reporter-output>
        </test-method> <!-- tearDownClass -->
      </class> <!-- cucmberOptions.TestRunner -->
    </test> <!-- Default test -->
  </suite> <!-- Default suite -->
</testng-results>
